2023-05-09 15:50:24,097 INFO com.capstone.employee.EmployeeSystemApplication [main] Starting EmployeeSystemApplication using Java 17.0.6 on DESKTOP-KSQIMVH with PID 7848 (C:\Users\Admin\Desktop\Hdfc_Capstone_Deployment\EmployeeSystem\bin\main started by Admin in C:\Users\Admin\Desktop\Hdfc_Capstone_Deployment\EmployeeSystem)
2023-05-09 15:50:24,099 INFO com.capstone.employee.EmployeeSystemApplication [main] No active profile set, falling back to 1 default profile: "default"
2023-05-09 15:50:24,641 INFO org.springframework.data.repository.config.RepositoryConfigurationDelegate [main] Bootstrapping Spring Data JPA repositories in DEFAULT mode.
2023-05-09 15:50:24,695 INFO org.springframework.data.repository.config.RepositoryConfigurationDelegate [main] Finished Spring Data repository scanning in 41 ms. Found 1 JPA repository interfaces.
2023-05-09 15:50:25,154 INFO org.springframework.boot.web.embedded.tomcat.TomcatWebServer [main] Tomcat initialized with port(s): 8787 (https)
2023-05-09 15:50:25,164 INFO org.apache.catalina.core.StandardService [main] Starting service [Tomcat]
2023-05-09 15:50:25,164 INFO org.apache.catalina.core.StandardEngine [main] Starting Servlet engine: [Apache Tomcat/9.0.74]
2023-05-09 15:50:25,259 INFO org.apache.catalina.core.ContainerBase.[Tomcat].[localhost].[/] [main] Initializing Spring embedded WebApplicationContext
2023-05-09 15:50:25,260 INFO org.springframework.boot.web.servlet.context.ServletWebServerApplicationContext [main] Root WebApplicationContext: initialization completed in 1111 ms
2023-05-09 15:50:25,385 INFO org.hibernate.jpa.internal.util.LogHelper [main] HHH000204: Processing PersistenceUnitInfo [name: default]
2023-05-09 15:50:25,426 INFO org.hibernate.Version [main] HHH000412: Hibernate ORM core version 5.6.15.Final
2023-05-09 15:50:25,576 INFO org.hibernate.annotations.common.Version [main] HCANN000001: Hibernate Commons Annotations {5.1.2.Final}
2023-05-09 15:50:25,684 INFO com.zaxxer.hikari.HikariDataSource [main] HikariPool-1 - Starting...
2023-05-09 15:50:26,032 INFO com.zaxxer.hikari.HikariDataSource [main] HikariPool-1 - Start completed.
2023-05-09 15:50:26,061 INFO org.hibernate.dialect.Dialect [main] HHH000400: Using dialect: org.hibernate.dialect.MySQL8Dialect
2023-05-09 15:50:26,612 INFO org.hibernate.engine.transaction.jta.platform.internal.JtaPlatformInitiator [main] HHH000490: Using JtaPlatform implementation: [org.hibernate.engine.transaction.jta.platform.internal.NoJtaPlatform]
2023-05-09 15:50:26,620 INFO org.springframework.orm.jpa.LocalContainerEntityManagerFactoryBean [main] Initialized JPA EntityManagerFactory for persistence unit 'default'
2023-05-09 15:50:26,862 WARN org.springframework.boot.autoconfigure.orm.jpa.JpaBaseConfiguration$JpaWebConfiguration [main] spring.jpa.open-in-view is enabled by default. Therefore, database queries may be performed during view rendering. Explicitly configure spring.jpa.open-in-view to disable this warning
2023-05-09 15:50:27,326 INFO org.apache.tomcat.util.net.NioEndpoint.certificate [main] Connector [https-jsse-nio-8787], TLS virtual host [_default_], certificate type [UNDEFINED] configured from [file:/C:/Users/Admin/Desktop/Hdfc_Capstone_Deployment/EmployeeSystem/bin/main/keystore.p12] using alias [spring-https] and with trust store [null]
2023-05-09 15:50:27,340 INFO org.springframework.boot.web.embedded.tomcat.TomcatWebServer [main] Tomcat started on port(s): 8787 (https) with context path ''
2023-05-09 15:50:27,348 INFO com.capstone.employee.EmployeeSystemApplication [main] Started EmployeeSystemApplication in 3.596 seconds (JVM running for 4.403)
2023-05-09 15:50:42,706 INFO org.apache.catalina.core.ContainerBase.[Tomcat].[localhost].[/] [https-jsse-nio-8787-exec-6] Initializing Spring DispatcherServlet 'dispatcherServlet'
2023-05-09 15:50:42,706 INFO org.springframework.web.servlet.DispatcherServlet [https-jsse-nio-8787-exec-6] Initializing Servlet 'dispatcherServlet'
2023-05-09 15:50:42,708 INFO org.springframework.web.servlet.DispatcherServlet [https-jsse-nio-8787-exec-6] Completed initialization in 1 ms
2023-05-09 15:50:42,786 INFO com.capstone.employee.controller.EmployeeController [https-jsse-nio-8787-exec-6] Record of EmployeeID(171)is called
2023-05-09 15:52:28,951 INFO org.springframework.boot.test.context.SpringBootTestContextBootstrapper [Test worker] Neither @ContextConfiguration nor @ContextHierarchy found for test class [com.capstone.employee.EmployeeSystemApplicationTests], using SpringBootContextLoader
2023-05-09 15:52:28,957 INFO org.springframework.test.context.support.AbstractContextLoader [Test worker] Could not detect default resource locations for test class [com.capstone.employee.EmployeeSystemApplicationTests]: no resource found for suffixes {-context.xml, Context.groovy}.
2023-05-09 15:52:28,957 INFO org.springframework.test.context.support.AnnotationConfigContextLoaderUtils [Test worker] Could not detect default configuration classes for test class [com.capstone.employee.EmployeeSystemApplicationTests]: EmployeeSystemApplicationTests does not declare any static, non-private, non-final, nested classes annotated with @Configuration.
2023-05-09 15:52:29,081 INFO org.springframework.boot.test.context.SpringBootTestContextBootstrapper [Test worker] Found @SpringBootConfiguration com.capstone.employee.EmployeeSystemApplication for test class com.capstone.employee.EmployeeSystemApplicationTests
2023-05-09 15:52:29,198 INFO org.springframework.boot.test.context.SpringBootTestContextBootstrapper [Test worker] Loaded default TestExecutionListener class names from location [META-INF/spring.factories]: [org.springframework.boot.test.autoconfigure.restdocs.RestDocsTestExecutionListener, org.springframework.boot.test.autoconfigure.web.client.MockRestServiceServerResetTestExecutionListener, org.springframework.boot.test.autoconfigure.web.servlet.MockMvcPrintOnlyOnFailureTestExecutionListener, org.springframework.boot.test.autoconfigure.web.servlet.WebDriverTestExecutionListener, org.springframework.boot.test.autoconfigure.webservices.client.MockWebServiceServerTestExecutionListener, org.springframework.boot.test.mock.mockito.MockitoTestExecutionListener, org.springframework.boot.test.mock.mockito.ResetMocksTestExecutionListener, org.springframework.test.context.web.ServletTestExecutionListener, org.springframework.test.context.support.DirtiesContextBeforeModesTestExecutionListener, org.springframework.test.context.event.ApplicationEventsTestExecutionListener, org.springframework.test.context.support.DependencyInjectionTestExecutionListener, org.springframework.test.context.support.DirtiesContextTestExecutionListener, org.springframework.test.context.transaction.TransactionalTestExecutionListener, org.springframework.test.context.jdbc.SqlScriptsTestExecutionListener, org.springframework.test.context.event.EventPublishingTestExecutionListener]
2023-05-09 15:52:29,216 INFO org.springframework.boot.test.context.SpringBootTestContextBootstrapper [Test worker] Using TestExecutionListeners: [org.springframework.test.context.web.ServletTestExecutionListener@1813f3e9, org.springframework.test.context.support.DirtiesContextBeforeModesTestExecutionListener@28cb9120, org.springframework.test.context.event.ApplicationEventsTestExecutionListener@3b152928, org.springframework.boot.test.mock.mockito.MockitoTestExecutionListener@56781d96, org.springframework.boot.test.autoconfigure.SpringBootDependencyInjectionTestExecutionListener@5173200b, org.springframework.test.context.support.DirtiesContextTestExecutionListener@25c5e994, org.springframework.test.context.transaction.TransactionalTestExecutionListener@378bd86d, org.springframework.test.context.jdbc.SqlScriptsTestExecutionListener@2189e7a7, org.springframework.test.context.event.EventPublishingTestExecutionListener@69b2f8e5, org.springframework.boot.test.autoconfigure.restdocs.RestDocsTestExecutionListener@6331250e, org.springframework.boot.test.autoconfigure.web.client.MockRestServiceServerResetTestExecutionListener@a10c1b5, org.springframework.boot.test.autoconfigure.web.servlet.MockMvcPrintOnlyOnFailureTestExecutionListener@644abb8f, org.springframework.boot.test.autoconfigure.web.servlet.WebDriverTestExecutionListener@1a411233, org.springframework.boot.test.autoconfigure.webservices.client.MockWebServiceServerTestExecutionListener@70325d20, org.springframework.boot.test.mock.mockito.ResetMocksTestExecutionListener@7c2327fa]
2023-05-09 15:52:29,539 INFO com.capstone.employee.EmployeeSystemApplicationTests [Test worker] Starting EmployeeSystemApplicationTests using Java 17.0.6 on DESKTOP-KSQIMVH with PID 27940 (started by Admin in C:\Users\Admin\Desktop\Hdfc_Capstone_Deployment\EmployeeSystem)
2023-05-09 15:52:29,540 INFO com.capstone.employee.EmployeeSystemApplicationTests [Test worker] No active profile set, falling back to 1 default profile: "default"
2023-05-09 15:52:30,237 INFO org.springframework.data.repository.config.RepositoryConfigurationDelegate [Test worker] Bootstrapping Spring Data JPA repositories in DEFAULT mode.
2023-05-09 15:52:30,302 INFO org.springframework.data.repository.config.RepositoryConfigurationDelegate [Test worker] Finished Spring Data repository scanning in 56 ms. Found 1 JPA repository interfaces.
2023-05-09 15:52:30,915 INFO org.hibernate.jpa.internal.util.LogHelper [Test worker] HHH000204: Processing PersistenceUnitInfo [name: default]
2023-05-09 15:52:30,974 INFO org.hibernate.Version [Test worker] HHH000412: Hibernate ORM core version 5.6.15.Final
2023-05-09 15:52:31,182 INFO org.hibernate.annotations.common.Version [Test worker] HCANN000001: Hibernate Commons Annotations {5.1.2.Final}
2023-05-09 15:52:31,318 INFO com.zaxxer.hikari.HikariDataSource [Test worker] HikariPool-1 - Starting...
2023-05-09 15:52:31,690 INFO com.zaxxer.hikari.HikariDataSource [Test worker] HikariPool-1 - Start completed.
2023-05-09 15:52:31,722 INFO org.hibernate.dialect.Dialect [Test worker] HHH000400: Using dialect: org.hibernate.dialect.MySQL8Dialect
2023-05-09 15:52:32,454 INFO org.hibernate.engine.transaction.jta.platform.internal.JtaPlatformInitiator [Test worker] HHH000490: Using JtaPlatform implementation: [org.hibernate.engine.transaction.jta.platform.internal.NoJtaPlatform]
2023-05-09 15:52:32,465 INFO org.springframework.orm.jpa.LocalContainerEntityManagerFactoryBean [Test worker] Initialized JPA EntityManagerFactory for persistence unit 'default'
2023-05-09 15:52:33,051 WARN org.springframework.boot.autoconfigure.orm.jpa.JpaBaseConfiguration$JpaWebConfiguration [Test worker] spring.jpa.open-in-view is enabled by default. Therefore, database queries may be performed during view rendering. Explicitly configure spring.jpa.open-in-view to disable this warning
2023-05-09 15:52:33,729 INFO com.capstone.employee.EmployeeSystemApplicationTests [Test worker] Started EmployeeSystemApplicationTests in 4.473 seconds (JVM running for 6.056)
2023-05-09 15:52:33,993 INFO org.springframework.orm.jpa.LocalContainerEntityManagerFactoryBean [SpringApplicationShutdownHook] Closing JPA EntityManagerFactory for persistence unit 'default'
2023-05-09 15:52:33,996 INFO com.zaxxer.hikari.HikariDataSource [SpringApplicationShutdownHook] HikariPool-1 - Shutdown initiated...
2023-05-09 15:52:34,005 INFO com.zaxxer.hikari.HikariDataSource [SpringApplicationShutdownHook] HikariPool-1 - Shutdown completed.
2023-05-09 15:53:07,478 INFO org.springframework.boot.admin.SpringApplicationAdminMXBeanRegistrar$SpringApplicationAdmin [RMI TCP Connection(6)-127.0.0.1] Application shutdown requested.
2023-05-09 15:53:07,495 INFO org.apache.catalina.core.StandardService [RMI TCP Connection(6)-127.0.0.1] Stopping service [Tomcat]
2023-05-09 15:53:07,497 INFO org.apache.catalina.core.ContainerBase.[Tomcat].[localhost].[/] [RMI TCP Connection(6)-127.0.0.1] Destroying Spring FrameworkServlet 'dispatcherServlet'
2023-05-09 15:53:07,506 INFO org.springframework.orm.jpa.LocalContainerEntityManagerFactoryBean [RMI TCP Connection(6)-127.0.0.1] Closing JPA EntityManagerFactory for persistence unit 'default'
2023-05-09 15:53:07,509 INFO com.zaxxer.hikari.HikariDataSource [RMI TCP Connection(6)-127.0.0.1] HikariPool-1 - Shutdown initiated...
2023-05-09 15:53:07,518 INFO com.zaxxer.hikari.HikariDataSource [RMI TCP Connection(6)-127.0.0.1] HikariPool-1 - Shutdown completed.
2023-05-09 15:53:09,269 INFO com.capstone.employee.EmployeeSystemApplication [main] Starting EmployeeSystemApplication using Java 17.0.6 on DESKTOP-KSQIMVH with PID 12616 (C:\Users\Admin\Desktop\Hdfc_Capstone_Deployment\EmployeeSystem\bin\main started by Admin in C:\Users\Admin\Desktop\Hdfc_Capstone_Deployment\EmployeeSystem)
2023-05-09 15:53:09,272 INFO com.capstone.employee.EmployeeSystemApplication [main] No active profile set, falling back to 1 default profile: "default"
2023-05-09 15:53:09,811 INFO org.springframework.data.repository.config.RepositoryConfigurationDelegate [main] Bootstrapping Spring Data JPA repositories in DEFAULT mode.
2023-05-09 15:53:09,858 INFO org.springframework.data.repository.config.RepositoryConfigurationDelegate [main] Finished Spring Data repository scanning in 38 ms. Found 1 JPA repository interfaces.
2023-05-09 15:53:10,319 INFO org.springframework.boot.web.embedded.tomcat.TomcatWebServer [main] Tomcat initialized with port(s): 8787 (https)
2023-05-09 15:53:10,328 INFO org.apache.catalina.core.StandardService [main] Starting service [Tomcat]
2023-05-09 15:53:10,329 INFO org.apache.catalina.core.StandardEngine [main] Starting Servlet engine: [Apache Tomcat/9.0.74]
2023-05-09 15:53:10,424 INFO org.apache.catalina.core.ContainerBase.[Tomcat].[localhost].[/] [main] Initializing Spring embedded WebApplicationContext
2023-05-09 15:53:10,424 INFO org.springframework.boot.web.servlet.context.ServletWebServerApplicationContext [main] Root WebApplicationContext: initialization completed in 1102 ms
2023-05-09 15:53:10,543 INFO org.hibernate.jpa.internal.util.LogHelper [main] HHH000204: Processing PersistenceUnitInfo [name: default]
2023-05-09 15:53:10,589 INFO org.hibernate.Version [main] HHH000412: Hibernate ORM core version 5.6.15.Final
2023-05-09 15:53:10,745 INFO org.hibernate.annotations.common.Version [main] HCANN000001: Hibernate Commons Annotations {5.1.2.Final}
2023-05-09 15:53:10,837 INFO com.zaxxer.hikari.HikariDataSource [main] HikariPool-1 - Starting...
2023-05-09 15:53:11,130 INFO com.zaxxer.hikari.HikariDataSource [main] HikariPool-1 - Start completed.
2023-05-09 15:53:11,157 INFO org.hibernate.dialect.Dialect [main] HHH000400: Using dialect: org.hibernate.dialect.MySQL8Dialect
2023-05-09 15:53:11,716 INFO org.hibernate.engine.transaction.jta.platform.internal.JtaPlatformInitiator [main] HHH000490: Using JtaPlatform implementation: [org.hibernate.engine.transaction.jta.platform.internal.NoJtaPlatform]
2023-05-09 15:53:11,724 INFO org.springframework.orm.jpa.LocalContainerEntityManagerFactoryBean [main] Initialized JPA EntityManagerFactory for persistence unit 'default'
2023-05-09 15:53:11,970 WARN org.springframework.boot.autoconfigure.orm.jpa.JpaBaseConfiguration$JpaWebConfiguration [main] spring.jpa.open-in-view is enabled by default. Therefore, database queries may be performed during view rendering. Explicitly configure spring.jpa.open-in-view to disable this warning
2023-05-09 15:53:12,436 INFO org.apache.tomcat.util.net.NioEndpoint.certificate [main] Connector [https-jsse-nio-8787], TLS virtual host [_default_], certificate type [UNDEFINED] configured from [file:/C:/Users/Admin/Desktop/Hdfc_Capstone_Deployment/EmployeeSystem/bin/main/keystore.p12] using alias [spring-https] and with trust store [null]
